"../../../Engine/Content/Functions/Engine_MaterialFunctions01/Opacity/CameraDepthFade.uasset" 0
"../../../Engine/Content/Functions/Engine_MaterialFunctions01/Opacity/CameraDepthFade.uexp" 1
"../../../Engine/Content/EngineMaterials/T_Default_Material_Grid_N.uasset" 2
"../../../Engine/Content/EngineMaterials/T_Default_Material_Grid_N.uexp" 3
"../../../Engine/Content/EngineMaterials/T_Default_Material_Grid_N.ubulk" 4
"../../../Engine/Content/EngineMaterials/T_Default_Material_Grid_M.uasset" 5
"../../../Engine/Content/EngineMaterials/T_Default_Material_Grid_M.uexp" 6
"../../../Engine/Content/EngineMaterials/T_Default_Material_Grid_M.ubulk" 7
"../../../Engine/Content/EngineMaterials/WorldGridMaterial.uasset" 8
"../../../Engine/Content/EngineMaterials/WorldGridMaterial.uexp" 9
"/media/alexander/BigPart/UnrealProjects/NBodySim/Content/Assets/CircleMesh.uasset" 10
"/media/alexander/BigPart/UnrealProjects/NBodySim/Content/Assets/CircleMesh.uexp" 11
"/media/alexander/BigPart/UnrealProjects/NBodySim/Content/Assets/CircleMeshSimple.uasset" 12
"/media/alexander/BigPart/UnrealProjects/NBodySim/Content/Assets/CircleMeshSimple.uexp" 13
"../../../Engine/Content/EngineResources/DefaultTextureCube.uasset" 14
"../../../Engine/Content/EngineResources/DefaultTextureCube.uexp" 15
"../../../Engine/Content/EngineResources/DefaultTexture.uasset" 16
"../../../Engine/Content/EngineResources/DefaultTexture.uexp" 17
"../../../Engine/Content/EngineResources/DefaultTexture.ubulk" 18
"../../../Engine/Content/EngineResources/DefaultVolumeTexture2D.uasset" 19
"../../../Engine/Content/EngineResources/DefaultVolumeTexture2D.uexp" 20
"../../../Engine/Content/EngineResources/DefaultVolumeTexture.uasset" 21
"../../../Engine/Content/EngineResources/DefaultVolumeTexture.uexp" 22
"../../../Engine/Content/EngineResources/GradientTexture0.uasset" 23
"../../../Engine/Content/EngineResources/GradientTexture0.uexp" 24
"../../../Engine/Content/MobileResources/T_MobileControls_texture.uasset" 25
"../../../Engine/Content/MobileResources/T_MobileControls_texture.uexp" 26
"../../../Engine/Content/MobileResources/T_MobileMenu2.uasset" 27
"../../../Engine/Content/MobileResources/T_MobileMenu2.uexp" 28
"../../../Engine/Content/MobileResources/HUD/MobileHUDButton2_on.uasset" 29
"../../../Engine/Content/MobileResources/HUD/MobileHUDButton2_on.uexp" 30
"../../../Engine/Content/MobileResources/HUD/AnalogHat.uasset" 31
"../../../Engine/Content/MobileResources/HUD/AnalogHat.uexp" 32
"../../../Engine/Content/MobileResources/HUD/MobileHUDButton2_off.uasset" 33
"../../../Engine/Content/MobileResources/HUD/MobileHUDButton2_off.uexp" 34
"../../../Engine/Content/MobileResources/HUD/VirtualJoystick_Thumb.uasset" 35
"../../../Engine/Content/MobileResources/HUD/VirtualJoystick_Thumb.uexp" 36
"../../../Engine/Content/MobileResources/HUD/VirtualJoystick_Background.uasset" 37
"../../../Engine/Content/MobileResources/HUD/VirtualJoystick_Background.uexp" 38
"../../../Engine/Content/MobileResources/HUD/DefaultVirtualJoysticks.uasset" 39
"../../../Engine/Content/MobileResources/HUD/DefaultVirtualJoysticks.uexp" 40
"../../../Engine/Content/MobileResources/HUD/MobileHUDDirectionPad.uasset" 41
"../../../Engine/Content/MobileResources/HUD/MobileHUDDirectionPad.uexp" 42
"../../../Engine/Content/MobileResources/HUD/T_Castle_ThumbstickOutter.uasset" 43
"../../../Engine/Content/MobileResources/HUD/T_Castle_ThumbstickOutter.uexp" 44
"../../../Engine/Content/MobileResources/HUD/T_Castle_ThumbstickInner.uasset" 45
"../../../Engine/Content/MobileResources/HUD/T_Castle_ThumbstickInner.uexp" 46
"../../../Engine/Content/MobileResources/HUD/MobileHUDDirectionPad2.uasset" 47
"../../../Engine/Content/MobileResources/HUD/MobileHUDDirectionPad2.uexp" 48
"../../../Engine/Content/MobileResources/HUD/MobileHUDButton3.uasset" 49
"../../../Engine/Content/MobileResources/HUD/MobileHUDButton3.uexp" 50
"../../../Engine/Content/MobileResources/HUD/MobileHUDButton1_on.uasset" 51
"../../../Engine/Content/MobileResources/HUD/MobileHUDButton1_on.uexp" 52
"../../../Engine/Content/MobileResources/HUD/MobileHUDButton1_off.uasset" 53
"../../../Engine/Content/MobileResources/HUD/MobileHUDButton1_off.uexp" 54
"../../../Engine/Content/MobileResources/HUD/MobileHUDDirectionStick.uasset" 55
"../../../Engine/Content/MobileResources/HUD/MobileHUDDirectionStick.uexp" 56
"../../../Engine/Content/MobileResources/HUD/LeftVirtualJoystickOnly.uasset" 57
"../../../Engine/Content/MobileResources/HUD/LeftVirtualJoystickOnly.uexp" 58
"../../../Engine/Content/MobileResources/HUD/MobileHUDDirectionPad3.uasset" 59
"../../../Engine/Content/MobileResources/HUD/MobileHUDDirectionPad3.uexp" 60
"../../../Engine/Content/MobileResources/HUD/MobileHUDButtonFire.uasset" 61
"../../../Engine/Content/MobileResources/HUD/MobileHUDButtonFire.uexp" 62
"../../../Engine/Content/EngineDamageTypes/DmgTypeBP_Environmental.uasset" 63
"../../../Engine/Content/EngineDamageTypes/DmgTypeBP_Environmental.uexp" 64
"../../../Engine/Content/ArtTools/RenderToTexture/Meshes/S_1_Unit_Plane.uasset" 65
"../../../Engine/Content/ArtTools/RenderToTexture/Meshes/S_1_Unit_Plane.uexp" 66
"../../../Engine/Content/Maps/Templates/Thumbnails/Default.uasset" 67
"../../../Engine/Content/Maps/Templates/Thumbnails/Default.uexp" 68
"../../../Engine/Content/Maps/Templates/Thumbnails/TimeOfDay.uasset" 69
"../../../Engine/Content/Maps/Templates/Thumbnails/TimeOfDay.uexp" 70
"../../../Engine/Content/Maps/Templates/Thumbnails/VR-Basic.uasset" 71
"../../../Engine/Content/Maps/Templates/Thumbnails/VR-Basic.uexp" 72
"../../../Engine/Content/Functions/Engine_MaterialFunctions01/Shading/ConvertFromDiffSpec.uasset" 73
"../../../Engine/Content/Functions/Engine_MaterialFunctions01/Shading/ConvertFromDiffSpec.uexp" 74
"../../../Engine/Content/Functions/Engine_MaterialFunctions01/Shading/PowerToRoughness.uasset" 75
"../../../Engine/Content/Functions/Engine_MaterialFunctions01/Shading/PowerToRoughness.uexp" 76
"../../../Engine/Content/EngineSounds/Master.uasset" 77
"../../../Engine/Content/EngineSounds/Master.uexp" 78
"../../../Engine/Content/EngineFonts/Faces/RobotoLight.uasset" 79
"../../../Engine/Content/EngineFonts/Faces/RobotoLight.uexp" 80
"../../../Engine/Content/EngineFonts/Faces/RobotoLight.ufont" 81
"../../../Engine/Content/EngineFonts/Faces/RobotoItalic.uasset" 82
"../../../Engine/Content/EngineFonts/Faces/RobotoItalic.uexp" 83
"../../../Engine/Content/EngineFonts/Faces/RobotoItalic.ufont" 84
"../../../Engine/Content/EngineFonts/Faces/RobotoBoldItalic.uasset" 85
"../../../Engine/Content/EngineFonts/Faces/RobotoBoldItalic.uexp" 86
"../../../Engine/Content/EngineFonts/Faces/RobotoBoldItalic.ufont" 87
"../../../Engine/Content/EngineFonts/Faces/RobotoBold.uasset" 88
"../../../Engine/Content/EngineFonts/Faces/RobotoBold.uexp" 89
"../../../Engine/Content/EngineFonts/Faces/RobotoBold.ufont" 90
"../../../Engine/Content/EngineFonts/Faces/DroidSansFallback.uasset" 91
"../../../Engine/Content/EngineFonts/Faces/DroidSansFallback.uexp" 92
"../../../Engine/Content/EngineFonts/Faces/DroidSansFallback.ufont" 93
"../../../Engine/Content/EngineFonts/Faces/RobotoRegular.uasset" 94
"../../../Engine/Content/EngineFonts/Faces/RobotoRegular.uexp" 95
"../../../Engine/Content/EngineFonts/Faces/RobotoRegular.ufont" 96
"../../../Engine/Content/EngineFonts/Roboto.uasset" 97
"../../../Engine/Content/EngineFonts/Roboto.uexp" 98
"../../../Engine/Content/EngineDebugMaterials/DebugEditorMaterial.uasset" 99
"../../../Engine/Content/EngineDebugMaterials/DebugEditorMaterial.uexp" 100
"../../../Engine/Content/EngineDebugMaterials/DebugMeshMaterial.uasset" 101
"../../../Engine/Content/EngineDebugMaterials/DebugMeshMaterial.uexp" 102
"../../../Engine/Content/Functions/Engine_MaterialFunctions02/Utility/CameraDirectionVector.uasset" 103
"../../../Engine/Content/Functions/Engine_MaterialFunctions02/Utility/CameraDirectionVector.uexp" 104
"../../../Engine/Content/EngineDebugMaterials/VolumeToRender.uasset" 105
"../../../Engine/Content/EngineDebugMaterials/VolumeToRender.uexp" 106
"../../../Engine/Content/EngineDebugMaterials/M_VolumeRenderSphereTracePP.uasset" 107
"../../../Engine/Content/EngineDebugMaterials/M_VolumeRenderSphereTracePP.uexp" 108
"../../../Engine/Content/EngineDebugMaterials/M_SimpleUnlitTranslucent.uasset" 109
"../../../Engine/Content/EngineDebugMaterials/M_SimpleUnlitTranslucent.uexp" 110
"../../../Engine/Content/EngineResources/WhiteSquareTexture.uasset" 111
"../../../Engine/Content/EngineResources/WhiteSquareTexture.uexp" 112
"../../../Engine/Content/EngineMaterials/Widget3DPassThrough.uasset" 113
"../../../Engine/Content/EngineMaterials/Widget3DPassThrough.uexp" 114
"../../../Engine/Content/EngineMaterials/Widget3DPassThrough_Opaque.uasset" 115
"../../../Engine/Content/EngineMaterials/Widget3DPassThrough_Opaque.uexp" 116
"../../../Engine/Content/EngineMaterials/Widget3DPassThrough_Masked_OneSided.uasset" 117
"../../../Engine/Content/EngineMaterials/Widget3DPassThrough_Masked_OneSided.uexp" 118
"../../../Engine/Content/EngineMaterials/DefaultPhysicalMaterial.uasset" 119
"../../../Engine/Content/EngineMaterials/DefaultPhysicalMaterial.uexp" 120
"../../../Engine/Content/EngineMaterials/DefaultWhiteGrid.uasset" 121
"../../../Engine/Content/EngineMaterials/DefaultWhiteGrid.uexp" 122
"../../../Engine/Content/EngineMaterials/DefaultWhiteGrid.ubulk" 123
"../../../Engine/Content/EngineMaterials/Widget3DPassThrough_Masked.uasset" 124
"../../../Engine/Content/EngineMaterials/Widget3DPassThrough_Masked.uexp" 125
"../../../Engine/Content/EngineMaterials/DefaultBloomKernel.uasset" 126
"../../../Engine/Content/EngineMaterials/DefaultBloomKernel.uexp" 127
"../../../Engine/Content/EngineMaterials/MiniFont.uasset" 128
"../../../Engine/Content/EngineMaterials/MiniFont.uexp" 129
"../../../Engine/Content/EngineMaterials/DefaultDiffuse.uasset" 130
"../../../Engine/Content/EngineMaterials/DefaultDiffuse.uexp" 131
"../../../Engine/Content/EngineMaterials/DefaultDiffuse.ubulk" 132
"../../../Engine/Content/EngineMaterials/DefaultDeferredDecalMaterial.uasset" 133
"../../../Engine/Content/EngineMaterials/DefaultDeferredDecalMaterial.uexp" 134
"../../../Engine/Content/EngineMaterials/DefaultWhiteGrid_Low.uasset" 135
"../../../Engine/Content/EngineMaterials/DefaultWhiteGrid_Low.uexp" 136
"../../../Engine/Content/EngineMaterials/EmissiveMeshMaterial.uasset" 137
"../../../Engine/Content/EngineMaterials/EmissiveMeshMaterial.uexp" 138
"../../../Engine/Content/Functions/Engine_MaterialFunctions02/Utility/BreakOutFloat2Components.uasset" 139
"../../../Engine/Content/Functions/Engine_MaterialFunctions02/Utility/BreakOutFloat2Components.uexp" 140
"../../../Engine/Content/EngineMaterials/DefaultPostProcessMaterial.uasset" 141
"../../../Engine/Content/EngineMaterials/DefaultPostProcessMaterial.uexp" 142
"../../../Engine/Content/EngineFonts/RobotoDistanceField.uasset" 143
"../../../Engine/Content/EngineFonts/RobotoDistanceField.uexp" 144
"../../../Engine/Content/EngineMaterials/DefaultTextMaterialOpaque.uasset" 145
"../../../Engine/Content/EngineMaterials/DefaultTextMaterialOpaque.uexp" 146
"../../../Engine/Content/EngineMaterials/RemoveSurfaceMaterial.uasset" 147
"../../../Engine/Content/EngineMaterials/RemoveSurfaceMaterial.uexp" 148
"../../../Engine/Content/EngineMaterials/Widget3DPassThrough_Opaque_OneSided.uasset" 149
"../../../Engine/Content/EngineMaterials/Widget3DPassThrough_Opaque_OneSided.uexp" 150
"../../../Engine/Content/EngineMaterials/GizmoMaterial.uasset" 151
"../../../Engine/Content/EngineMaterials/GizmoMaterial.uexp" 152
"../../../Engine/Content/Functions/Engine_MaterialFunctions02/WorldPositionOffset/CameraOffset.uasset" 153
"../../../Engine/Content/Functions/Engine_MaterialFunctions02/WorldPositionOffset/CameraOffset.uexp" 154
"../../../Engine/Content/EngineMaterials/PhAT_JointLimitMaterial.uasset" 155
"../../../Engine/Content/EngineMaterials/PhAT_JointLimitMaterial.uexp" 156
"../../../Engine/Content/EngineMaterials/InvalidLightmapSettings.uasset" 157
"../../../Engine/Content/EngineMaterials/InvalidLightmapSettings.uexp" 158
"../../../Engine/Content/EngineMaterials/InvalidLightmapSettings.ubulk" 159
"../../../Engine/Content/EngineMaterials/M_InvalidLightmapSettings.uasset" 160
"../../../Engine/Content/EngineMaterials/M_InvalidLightmapSettings.uexp" 161
"../../../Engine/Content/EngineMaterials/DefaultCalibrationColor.uasset" 162
"../../../Engine/Content/EngineMaterials/DefaultCalibrationColor.uexp" 163
"../../../Engine/Content/EngineMaterials/PPM_DefaultCalibrationColor.uasset" 164
"../../../Engine/Content/EngineMaterials/PPM_DefaultCalibrationColor.uexp" 165
"../../../Engine/Content/EngineMaterials/BaseFlattenNormalMap.uasset" 166
"../../../Engine/Content/EngineMaterials/BaseFlattenNormalMap.uexp" 167
"../../../Engine/Content/EngineMaterials/BaseFlattenDiffuseMap.uasset" 168
"../../../Engine/Content/EngineMaterials/BaseFlattenDiffuseMap.uexp" 169
"../../../Engine/Content/EngineMaterials/BaseFlattenGrayscaleMap.uasset" 170
"../../../Engine/Content/EngineMaterials/BaseFlattenGrayscaleMap.uexp" 171
"../../../Engine/Content/EngineMaterials/BaseFlattenEmissiveMap.uasset" 172
"../../../Engine/Content/EngineMaterials/BaseFlattenEmissiveMap.uexp" 173
"../../../Engine/Content/EngineMaterials/BaseFlattenMaterial.uasset" 174
"../../../Engine/Content/EngineMaterials/BaseFlattenMaterial.uexp" 175
"../../../Engine/Content/EngineMaterials/Widget3DPassThrough_Translucent.uasset" 176
"../../../Engine/Content/EngineMaterials/Widget3DPassThrough_Translucent.uexp" 177
"../../../Engine/Content/EngineMaterials/Widget3DPassThrough_Translucent_OneSided.uasset" 178
"../../../Engine/Content/EngineMaterials/Widget3DPassThrough_Translucent_OneSided.uexp" 179
"../../../Engine/Content/EngineMaterials/Good64x64TilingNoiseHighFreq.uasset" 180
"../../../Engine/Content/EngineMaterials/Good64x64TilingNoiseHighFreq.uexp" 181
"../../../Engine/Content/EngineMaterials/PreintegratedSkinBRDF.uasset" 182
"../../../Engine/Content/EngineMaterials/PreintegratedSkinBRDF.uexp" 183
"../../../Engine/Content/EngineMaterials/DefaultCalibrationGrayscale.uasset" 184
"../../../Engine/Content/EngineMaterials/DefaultCalibrationGrayscale.uexp" 185
"../../../Engine/Content/EngineMaterials/PPM_DefaultCalibrationGrayscale.uasset" 186
"../../../Engine/Content/EngineMaterials/PPM_DefaultCalibrationGrayscale.uexp" 187
"../../../Engine/Content/EngineMaterials/WeightMapPlaceholderTexture.uasset" 188
"../../../Engine/Content/EngineMaterials/WeightMapPlaceholderTexture.uexp" 189
"../../../Engine/Content/EngineMaterials/DefaultLightFunctionMaterial.uasset" 190
"../../../Engine/Content/EngineMaterials/DefaultLightFunctionMaterial.uexp" 191
"../../../Engine/Content/EngineMaterials/DefaultBokeh.uasset" 192
"../../../Engine/Content/EngineMaterials/DefaultBokeh.uexp" 193
"../../../Engine/Content/EngineMaterials/BlueNoise.uasset" 194
"../../../Engine/Content/EngineMaterials/BlueNoise.uexp" 195
"../../../Engine/Content/Tutorial/ContentIntroCurve.uasset" 196
"../../../Engine/Content/Tutorial/ContentIntroCurve.uexp" 197
"../../../Engine/Content/Tutorial/Basics/TutorialAssets/icon_tab_Levels_40x.uasset" 198
"../../../Engine/Content/Tutorial/Basics/TutorialAssets/icon_tab_Levels_40x.uexp" 199
"../../../Engine/Content/EngineMeshes/Sphere.uasset" 200
"../../../Engine/Content/EngineMeshes/Sphere.uexp" 201
"../../../Engine/Content/BasicShapes/Plane.uasset" 202
"../../../Engine/Content/BasicShapes/Plane.uexp" 203
"../../../Engine/Content/EngineMaterials/DefaultMaterial.uasset" 204
"../../../Engine/Content/EngineMaterials/DefaultMaterial.uexp" 205
"../../../Engine/Content/BasicShapes/Sphere.uasset" 206
"../../../Engine/Content/BasicShapes/Sphere.uexp" 207
"../../../Engine/Content/BasicShapes/Cone.uasset" 208
"../../../Engine/Content/BasicShapes/Cone.uexp" 209
"../../../Engine/Content/BasicShapes/Cube.uasset" 210
"../../../Engine/Content/BasicShapes/Cube.uexp" 211
"../../../Engine/Content/Functions/Engine_MaterialFunctions02/Utility/MakeFloat2.uasset" 212
"../../../Engine/Content/Functions/Engine_MaterialFunctions02/Utility/MakeFloat2.uexp" 213
"../../../Engine/Content/EngineSky/VolumetricClouds/T_NoiseShape64.uasset" 214
"../../../Engine/Content/EngineSky/VolumetricClouds/T_NoiseShape64.uexp" 215
"../../../Engine/Content/EngineSky/VolumetricClouds/T_NoiseShape64.ubulk" 216
"../../../Engine/Content/EngineSky/VolumetricClouds/T_VolumeNoiseShape64.uasset" 217
"../../../Engine/Content/EngineSky/VolumetricClouds/T_VolumeNoiseShape64.uexp" 218
"../../../Engine/Content/EngineSky/VolumetricClouds/T_NoiseErosion.uasset" 219
"../../../Engine/Content/EngineSky/VolumetricClouds/T_NoiseErosion.uexp" 220
"../../../Engine/Content/EngineSky/VolumetricClouds/T_NoiseErosion.ubulk" 221
"../../../Engine/Content/EngineSky/VolumetricClouds/T_VolumeNoiseErosion32.uasset" 222
"../../../Engine/Content/EngineSky/VolumetricClouds/T_VolumeNoiseErosion32.uexp" 223
"../../../Engine/Content/EngineSky/VolumetricClouds/CloudWeatherTexture.uasset" 224
"../../../Engine/Content/EngineSky/VolumetricClouds/CloudWeatherTexture.uexp" 225
"../../../Engine/Content/EngineSky/VolumetricClouds/CloudGradientTexture.uasset" 226
"../../../Engine/Content/EngineSky/VolumetricClouds/CloudGradientTexture.uexp" 227
"../../../Engine/Content/EngineSky/VolumetricClouds/m_SimpleVolumetricCloud.uasset" 228
"../../../Engine/Content/EngineSky/VolumetricClouds/m_SimpleVolumetricCloud.uexp" 229
"../../../Engine/Content/EngineSky/VolumetricClouds/m_SimpleVolumetricCloud_Inst.uasset" 230
"../../../Engine/Content/EngineSky/VolumetricClouds/m_SimpleVolumetricCloud_Inst.uexp" 231
"../../../Engine/Content/EngineResources/Black.uasset" 232
"../../../Engine/Content/EngineResources/Black.uexp" 233
"../../../Engine/Plugins/Runtime/OpenXR/Content/Devices/OculusTouch_v3/MRTexture.uasset" 234
"../../../Engine/Plugins/Runtime/OpenXR/Content/Devices/OculusTouch_v3/MRTexture.uexp" 235
"../../../Engine/Plugins/Runtime/OpenXR/Content/Devices/OculusTouch_v3/MRTexture.ubulk" 236
"../../../Engine/Plugins/Runtime/OpenXR/Content/Devices/OculusTouch_v3/BaseTexture.uasset" 237
"../../../Engine/Plugins/Runtime/OpenXR/Content/Devices/OculusTouch_v3/BaseTexture.uexp" 238
"../../../Engine/Plugins/Runtime/OpenXR/Content/Devices/OculusTouch_v3/BaseTexture.ubulk" 239
"../../../Engine/Plugins/Runtime/OpenXR/Content/Devices/M_XRController.uasset" 240
"../../../Engine/Plugins/Runtime/OpenXR/Content/Devices/M_XRController.uexp" 241
"../../../Engine/Plugins/Runtime/OpenXR/Content/Devices/OculusTouch_v3/MI_OculusTouch_v3.uasset" 242
"../../../Engine/Plugins/Runtime/OpenXR/Content/Devices/OculusTouch_v3/MI_OculusTouch_v3.uexp" 243
"../../../Engine/Plugins/Runtime/OpenXR/Content/Devices/OculusTouch_v3/Right/right_OculusTouch_v3Controller.uasset" 244
"../../../Engine/Plugins/Runtime/OpenXR/Content/Devices/OculusTouch_v3/Right/right_OculusTouch_v3Controller.uexp" 245
"../../../Engine/Plugins/Runtime/OpenXR/Content/Devices/OculusTouch_v3/Left/left_OculusTouch_v3Controller.uasset" 246
"../../../Engine/Plugins/Runtime/OpenXR/Content/Devices/OculusTouch_v3/Left/left_OculusTouch_v3Controller.uexp" 247
"../../../Engine/Plugins/Runtime/OpenXR/Content/Devices/MicrosoftMixedReality/EmissiveTexture.uasset" 248
"../../../Engine/Plugins/Runtime/OpenXR/Content/Devices/MicrosoftMixedReality/EmissiveTexture.uexp" 249
"../../../Engine/Plugins/Runtime/OpenXR/Content/Devices/MicrosoftMixedReality/EmissiveTexture.ubulk" 250
"../../../Engine/Plugins/Runtime/OpenXR/Content/Devices/MicrosoftMixedReality/NormalTexture.uasset" 251
"../../../Engine/Plugins/Runtime/OpenXR/Content/Devices/MicrosoftMixedReality/NormalTexture.uexp" 252
"../../../Engine/Plugins/Runtime/OpenXR/Content/Devices/MicrosoftMixedReality/NormalTexture.ubulk" 253
"../../../Engine/Plugins/Runtime/OpenXR/Content/Devices/MicrosoftMixedReality/MRTexture.uasset" 254
"../../../Engine/Plugins/Runtime/OpenXR/Content/Devices/MicrosoftMixedReality/MRTexture.uexp" 255
"../../../Engine/Plugins/Runtime/OpenXR/Content/Devices/MicrosoftMixedReality/MRTexture.ubulk" 256
"../../../Engine/Plugins/Runtime/OpenXR/Content/Devices/MicrosoftMixedReality/BaseTexture.uasset" 257
"../../../Engine/Plugins/Runtime/OpenXR/Content/Devices/MicrosoftMixedReality/BaseTexture.uexp" 258
"../../../Engine/Plugins/Runtime/OpenXR/Content/Devices/MicrosoftMixedReality/BaseTexture.ubulk" 259
"../../../Engine/Plugins/Runtime/OpenXR/Content/Devices/MicrosoftMixedReality/MI_MicrosoftMixedReality.uasset" 260
"../../../Engine/Plugins/Runtime/OpenXR/Content/Devices/MicrosoftMixedReality/MI_MicrosoftMixedReality.uexp" 261
"../../../Engine/Plugins/Runtime/OpenXR/Content/Devices/MicrosoftMixedReality/Right/right_MicrosoftMixedRealityController.uasset" 262
"../../../Engine/Plugins/Runtime/OpenXR/Content/Devices/MicrosoftMixedReality/Right/right_MicrosoftMixedRealityController.uexp" 263
"../../../Engine/Plugins/Runtime/OpenXR/Content/Devices/MicrosoftMixedReality/Left/left_MicrosoftMixedRealityController.uasset" 264
"../../../Engine/Plugins/Runtime/OpenXR/Content/Devices/MicrosoftMixedReality/Left/left_MicrosoftMixedRealityController.uexp" 265
"../../../Engine/Plugins/Runtime/OpenXR/Content/Devices/HTCVive/BaseTexture.uasset" 266
"../../../Engine/Plugins/Runtime/OpenXR/Content/Devices/HTCVive/BaseTexture.uexp" 267
"../../../Engine/Plugins/Runtime/OpenXR/Content/Devices/HTCVive/BaseTexture.ubulk" 268
"../../../Engine/Plugins/Runtime/OpenXR/Content/Devices/HTCVive/MI_HTCVive.uasset" 269
"../../../Engine/Plugins/Runtime/OpenXR/Content/Devices/HTCVive/MI_HTCVive.uexp" 270
"../../../Engine/Plugins/Runtime/OpenXR/Content/Devices/HTCVive/HTCViveController.uasset" 271
"../../../Engine/Plugins/Runtime/OpenXR/Content/Devices/HTCVive/HTCViveController.uexp" 272
"../../../Engine/Plugins/Runtime/OpenXR/Content/Devices/OculusTouch_v2/MRTexture.uasset" 273
"../../../Engine/Plugins/Runtime/OpenXR/Content/Devices/OculusTouch_v2/MRTexture.uexp" 274
"../../../Engine/Plugins/Runtime/OpenXR/Content/Devices/OculusTouch_v2/MRTexture.ubulk" 275
"../../../Engine/Plugins/Runtime/OpenXR/Content/Devices/OculusTouch_v2/BaseTexture.uasset" 276
"../../../Engine/Plugins/Runtime/OpenXR/Content/Devices/OculusTouch_v2/BaseTexture.uexp" 277
"../../../Engine/Plugins/Runtime/OpenXR/Content/Devices/OculusTouch_v2/BaseTexture.ubulk" 278
"../../../Engine/Plugins/Runtime/OpenXR/Content/Devices/OculusTouch_v2/MI_OculusTouch_v2.uasset" 279
"../../../Engine/Plugins/Runtime/OpenXR/Content/Devices/OculusTouch_v2/MI_OculusTouch_v2.uexp" 280
"../../../Engine/Plugins/Runtime/OpenXR/Content/Devices/OculusTouch_v2/Right/right_OculusTouch_v2Controller.uasset" 281
"../../../Engine/Plugins/Runtime/OpenXR/Content/Devices/OculusTouch_v2/Right/right_OculusTouch_v2Controller.uexp" 282
"../../../Engine/Plugins/Runtime/OpenXR/Content/Devices/OculusTouch_v2/Left/left_OculusTouch_v2Controller.uasset" 283
"../../../Engine/Plugins/Runtime/OpenXR/Content/Devices/OculusTouch_v2/Left/left_OculusTouch_v2Controller.uexp" 284
"../../../Engine/Plugins/Runtime/OpenXR/Content/Devices/OculusGo/BaseTexture.uasset" 285
"../../../Engine/Plugins/Runtime/OpenXR/Content/Devices/OculusGo/BaseTexture.uexp" 286
"../../../Engine/Plugins/Runtime/OpenXR/Content/Devices/OculusGo/BaseTexture.ubulk" 287
"../../../Engine/Plugins/Runtime/OpenXR/Content/Devices/OculusGo/MI_OculusGo.uasset" 288
"../../../Engine/Plugins/Runtime/OpenXR/Content/Devices/OculusGo/MI_OculusGo.uexp" 289
"../../../Engine/Plugins/Runtime/OpenXR/Content/Devices/OculusGo/OculusGoController.uasset" 290
"../../../Engine/Plugins/Runtime/OpenXR/Content/Devices/OculusGo/OculusGoController.uexp" 291
"../../../Engine/Plugins/Runtime/OpenXR/Content/Devices/ValveIndex/MRTexture.uasset" 292
"../../../Engine/Plugins/Runtime/OpenXR/Content/Devices/ValveIndex/MRTexture.uexp" 293
"../../../Engine/Plugins/Runtime/OpenXR/Content/Devices/ValveIndex/MRTexture.ubulk" 294
"../../../Engine/Plugins/Runtime/OpenXR/Content/Devices/ValveIndex/BaseTexture.uasset" 295
"../../../Engine/Plugins/Runtime/OpenXR/Content/Devices/ValveIndex/BaseTexture.uexp" 296
"../../../Engine/Plugins/Runtime/OpenXR/Content/Devices/ValveIndex/BaseTexture.ubulk" 297
"../../../Engine/Plugins/Runtime/OpenXR/Content/Devices/ValveIndex/Right/MI_right_ValveIndex.uasset" 298
"../../../Engine/Plugins/Runtime/OpenXR/Content/Devices/ValveIndex/Right/MI_right_ValveIndex.uexp" 299
"../../../Engine/Plugins/Runtime/OpenXR/Content/Devices/ValveIndex/Right/right_ValveIndexController.uasset" 300
"../../../Engine/Plugins/Runtime/OpenXR/Content/Devices/ValveIndex/Right/right_ValveIndexController.uexp" 301
"../../../Engine/Plugins/Runtime/OpenXR/Content/Devices/ValveIndex/Left/MI_left_ValveIndex.uasset" 302
"../../../Engine/Plugins/Runtime/OpenXR/Content/Devices/ValveIndex/Left/MI_left_ValveIndex.uexp" 303
"../../../Engine/Plugins/Runtime/OpenXR/Content/Devices/ValveIndex/Left/left_ValveIndexController.uasset" 304
"../../../Engine/Plugins/Runtime/OpenXR/Content/Devices/ValveIndex/Left/left_ValveIndexController.uexp" 305
"../../../Engine/Plugins/Runtime/OpenXR/Content/Devices/OculusTouch/MRTexture.uasset" 306
"../../../Engine/Plugins/Runtime/OpenXR/Content/Devices/OculusTouch/MRTexture.uexp" 307
"../../../Engine/Plugins/Runtime/OpenXR/Content/Devices/OculusTouch/MRTexture.ubulk" 308
"../../../Engine/Plugins/Runtime/OpenXR/Content/Devices/OculusTouch/BaseTexture.uasset" 309
"../../../Engine/Plugins/Runtime/OpenXR/Content/Devices/OculusTouch/BaseTexture.uexp" 310
"../../../Engine/Plugins/Runtime/OpenXR/Content/Devices/OculusTouch/BaseTexture.ubulk" 311
"../../../Engine/Plugins/Runtime/OpenXR/Content/Devices/OculusTouch/MI_OculusTouch.uasset" 312
"../../../Engine/Plugins/Runtime/OpenXR/Content/Devices/OculusTouch/MI_OculusTouch.uexp" 313
"../../../Engine/Plugins/Runtime/OpenXR/Content/Devices/OculusTouch/Right/right_OculusTouchController.uasset" 314
"../../../Engine/Plugins/Runtime/OpenXR/Content/Devices/OculusTouch/Right/right_OculusTouchController.uexp" 315
"../../../Engine/Plugins/Runtime/OpenXR/Content/Devices/OculusTouch/Left/left_OculusTouchController.uasset" 316
"../../../Engine/Plugins/Runtime/OpenXR/Content/Devices/OculusTouch/Left/left_OculusTouchController.uexp" 317
"../../../Engine/Plugins/Runtime/OpenXR/Content/Devices/GoogleDaydream/MRTexture.uasset" 318
"../../../Engine/Plugins/Runtime/OpenXR/Content/Devices/GoogleDaydream/MRTexture.uexp" 319
"../../../Engine/Plugins/Runtime/OpenXR/Content/Devices/GoogleDaydream/MRTexture.ubulk" 320
"../../../Engine/Plugins/Runtime/OpenXR/Content/Devices/GoogleDaydream/BaseTexture.uasset" 321
"../../../Engine/Plugins/Runtime/OpenXR/Content/Devices/GoogleDaydream/BaseTexture.uexp" 322
"../../../Engine/Plugins/Runtime/OpenXR/Content/Devices/GoogleDaydream/BaseTexture.ubulk" 323
"../../../Engine/Plugins/Runtime/OpenXR/Content/Devices/GoogleDaydream/MI_GoogleDaydream.uasset" 324
"../../../Engine/Plugins/Runtime/OpenXR/Content/Devices/GoogleDaydream/MI_GoogleDaydream.uexp" 325
"../../../Engine/Plugins/Runtime/OpenXR/Content/Devices/GoogleDaydream/GoogleDaydreamController.uasset" 326
"../../../Engine/Plugins/Runtime/OpenXR/Content/Devices/GoogleDaydream/GoogleDaydreamController.uexp" 327
"../../../Engine/Content/ArtTools/RenderToTexture/Materials/Debug/M_Emissive_Color.uasset" 328
"../../../Engine/Content/ArtTools/RenderToTexture/Materials/Debug/M_Emissive_Color.uexp" 329
"../../../Engine/Content/BasicShapes/Cylinder.uasset" 330
"../../../Engine/Content/BasicShapes/Cylinder.uexp" 331
"../../../Engine/Content/Functions/Engine_MaterialFunctions02/SupportFiles/1x1x1_Box_Pivot_-XYZ.uasset" 332
"../../../Engine/Content/Functions/Engine_MaterialFunctions02/SupportFiles/1x1x1_Box_Pivot_-XYZ.uexp" 333
"/media/alexander/BigPart/UnrealProjects/NBodySim/Content/map_BuiltData.uasset" 334
"/media/alexander/BigPart/UnrealProjects/NBodySim/Content/map_BuiltData.uexp" 335
"/media/alexander/BigPart/UnrealProjects/NBodySim/Content/map_BuiltData.ubulk" 336
"/media/alexander/BigPart/UnrealProjects/NBodySim/Content/map.uexp" 337
"/media/alexander/BigPart/UnrealProjects/NBodySim/Content/map.umap" 338
"../../../Engine/Content/Maps/Entry_BuiltData.uasset" 339
"../../../Engine/Content/Maps/Entry_BuiltData.uexp" 340
"../../../Engine/Content/Maps/Entry.uexp" 341
"../../../Engine/Content/Maps/Entry.umap" 342
